mode: set
github.com/jrmanes/piktoctl/cmd/root.go:67.16,69.2 1 0
github.com/jrmanes/piktoctl/cmd/root.go:71.13,83.2 2 1
github.com/jrmanes/piktoctl/cmd/root.go:86.19,87.19 1 0
github.com/jrmanes/piktoctl/cmd/root.go:115.2,115.22 1 0
github.com/jrmanes/piktoctl/cmd/root.go:87.19,90.3 1 0
github.com/jrmanes/piktoctl/cmd/root.go:90.8,101.17 8 0
github.com/jrmanes/piktoctl/cmd/root.go:105.3,109.56 4 0
github.com/jrmanes/piktoctl/cmd/root.go:101.17,103.4 1 0
github.com/jrmanes/piktoctl/cmd/root.go:109.56,112.4 2 0
github.com/jrmanes/piktoctl/cmd/root.go:124.60,126.55 1 0
github.com/jrmanes/piktoctl/cmd/root.go:136.2,137.16 2 0
github.com/jrmanes/piktoctl/cmd/root.go:141.2,141.12 1 0
github.com/jrmanes/piktoctl/cmd/root.go:126.55,129.17 2 0
github.com/jrmanes/piktoctl/cmd/root.go:129.17,132.4 2 0
github.com/jrmanes/piktoctl/cmd/root.go:137.16,140.3 2 0
github.com/jrmanes/piktoctl/cmd/sonar.go:101.57,104.21 3 0
github.com/jrmanes/piktoctl/cmd/sonar.go:108.3,108.13 1 0
github.com/jrmanes/piktoctl/cmd/sonar.go:104.21,107.4 2 0
github.com/jrmanes/piktoctl/cmd/sonar.go:110.47,113.3 1 0
github.com/jrmanes/piktoctl/cmd/sonar.go:127.13,142.2 11 1
github.com/jrmanes/piktoctl/cmd/sonar.go:145.37,154.33 4 0
github.com/jrmanes/piktoctl/cmd/sonar.go:169.2,169.36 1 0
github.com/jrmanes/piktoctl/cmd/sonar.go:173.2,173.34 1 0
github.com/jrmanes/piktoctl/cmd/sonar.go:177.2,177.75 1 0
github.com/jrmanes/piktoctl/cmd/sonar.go:183.2,183.35 1 0
github.com/jrmanes/piktoctl/cmd/sonar.go:188.2,188.33 1 0
github.com/jrmanes/piktoctl/cmd/sonar.go:191.2,191.35 1 0
github.com/jrmanes/piktoctl/cmd/sonar.go:194.2,194.33 1 0
github.com/jrmanes/piktoctl/cmd/sonar.go:154.33,167.3 7 0
github.com/jrmanes/piktoctl/cmd/sonar.go:169.36,171.3 1 0
github.com/jrmanes/piktoctl/cmd/sonar.go:173.34,175.3 1 0
github.com/jrmanes/piktoctl/cmd/sonar.go:177.75,178.42 1 0
github.com/jrmanes/piktoctl/cmd/sonar.go:178.42,180.4 1 0
github.com/jrmanes/piktoctl/cmd/sonar.go:183.35,186.3 2 0
github.com/jrmanes/piktoctl/cmd/sonar.go:188.33,190.3 1 0
github.com/jrmanes/piktoctl/cmd/sonar.go:191.35,193.3 1 0
github.com/jrmanes/piktoctl/cmd/sonar.go:194.33,196.3 1 0
github.com/jrmanes/piktoctl/cmd/sonar.go:200.26,202.30 1 0
github.com/jrmanes/piktoctl/cmd/sonar.go:203.16,204.81 1 0
github.com/jrmanes/piktoctl/cmd/sonar.go:205.15,206.18 1 0
github.com/jrmanes/piktoctl/cmd/sonar.go:207.10,208.18 1 0
github.com/jrmanes/piktoctl/cmd/sonar.go:214.27,224.11 4 0
github.com/jrmanes/piktoctl/cmd/sonar.go:228.2,229.16 2 0
github.com/jrmanes/piktoctl/cmd/sonar.go:234.2,234.29 1 0
github.com/jrmanes/piktoctl/cmd/sonar.go:224.11,227.3 2 0
github.com/jrmanes/piktoctl/cmd/sonar.go:229.16,231.3 1 0
github.com/jrmanes/piktoctl/cmd/sonar.go:234.29,238.12 3 0
github.com/jrmanes/piktoctl/cmd/sonar.go:243.3,244.17 2 0
github.com/jrmanes/piktoctl/cmd/sonar.go:238.12,242.4 2 0
github.com/jrmanes/piktoctl/cmd/sonar.go:244.17,246.4 1 0
github.com/jrmanes/piktoctl/cmd/sonar.go:246.9,248.4 1 0
github.com/jrmanes/piktoctl/cmd/sonar.go:253.15,260.16 5 0
github.com/jrmanes/piktoctl/cmd/sonar.go:260.16,261.13 1 0
github.com/jrmanes/piktoctl/cmd/sonar.go:266.13,273.29 4 0
github.com/jrmanes/piktoctl/cmd/sonar.go:298.2,300.46 3 0
github.com/jrmanes/piktoctl/cmd/sonar.go:273.29,276.17 3 0
github.com/jrmanes/piktoctl/cmd/sonar.go:279.3,285.17 4 0
github.com/jrmanes/piktoctl/cmd/sonar.go:290.3,293.17 3 0
github.com/jrmanes/piktoctl/cmd/sonar.go:276.17,278.4 1 0
github.com/jrmanes/piktoctl/cmd/sonar.go:285.17,287.4 1 0
github.com/jrmanes/piktoctl/cmd/sonar.go:293.17,295.4 1 0
github.com/jrmanes/piktoctl/cmd/sonar.go:304.42,307.16 2 0
github.com/jrmanes/piktoctl/cmd/sonar.go:311.2,330.16 6 0
github.com/jrmanes/piktoctl/cmd/sonar.go:334.2,334.12 1 0
github.com/jrmanes/piktoctl/cmd/sonar.go:307.16,309.3 1 0
github.com/jrmanes/piktoctl/cmd/sonar.go:330.16,332.3 1 0
github.com/jrmanes/piktoctl/cmd/sonar.go:338.14,353.16 9 0
github.com/jrmanes/piktoctl/cmd/sonar.go:360.2,389.16 27 0
github.com/jrmanes/piktoctl/cmd/sonar.go:393.2,393.49 1 0
github.com/jrmanes/piktoctl/cmd/sonar.go:353.16,357.3 1 0
github.com/jrmanes/piktoctl/cmd/sonar.go:389.16,391.3 1 0
github.com/jrmanes/piktoctl/cmd/sonar.go:397.13,405.16 6 0
github.com/jrmanes/piktoctl/cmd/sonar.go:409.2,409.43 1 0
github.com/jrmanes/piktoctl/cmd/sonar.go:405.16,406.13 1 0
github.com/jrmanes/piktoctl/cmd/sonar.go:414.24,420.28 4 0
github.com/jrmanes/piktoctl/cmd/sonar.go:421.16,422.56 1 0
github.com/jrmanes/piktoctl/cmd/sonar.go:423.15,427.17 4 0
github.com/jrmanes/piktoctl/cmd/sonar.go:430.10,431.36 1 0
github.com/jrmanes/piktoctl/cmd/sonar.go:427.17,428.14 1 0
github.com/jrmanes/piktoctl/cmd/sonar.go:436.33,439.28 2 0
github.com/jrmanes/piktoctl/cmd/sonar.go:515.2,515.19 1 0
github.com/jrmanes/piktoctl/cmd/sonar.go:440.16,475.2 1 0
github.com/jrmanes/piktoctl/cmd/sonar.go:476.15,510.2 1 0
github.com/jrmanes/piktoctl/cmd/sonar.go:511.10,512.41 1 0
github.com/jrmanes/piktoctl/cmd/sonar.go:519.22,526.29 5 0
github.com/jrmanes/piktoctl/cmd/sonar.go:526.29,536.17 8 0
github.com/jrmanes/piktoctl/cmd/sonar.go:539.3,543.17 4 0
github.com/jrmanes/piktoctl/cmd/sonar.go:536.17,538.4 1 0
github.com/jrmanes/piktoctl/cmd/sonar.go:543.17,545.4 1 0
github.com/jrmanes/piktoctl/cmd/sonar.go:550.27,557.29 5 0
github.com/jrmanes/piktoctl/cmd/sonar.go:557.29,561.32 3 0
github.com/jrmanes/piktoctl/cmd/sonar.go:611.3,611.74 1 0
github.com/jrmanes/piktoctl/cmd/sonar.go:561.32,569.18 6 0
github.com/jrmanes/piktoctl/cmd/sonar.go:572.4,576.18 4 0
github.com/jrmanes/piktoctl/cmd/sonar.go:581.4,581.30 1 0
github.com/jrmanes/piktoctl/cmd/sonar.go:569.18,571.5 1 0
github.com/jrmanes/piktoctl/cmd/sonar.go:576.18,578.5 1 0
github.com/jrmanes/piktoctl/cmd/sonar.go:581.30,584.20 3 0
github.com/jrmanes/piktoctl/cmd/sonar.go:587.5,597.19 7 0
github.com/jrmanes/piktoctl/cmd/sonar.go:601.5,602.50 2 0
github.com/jrmanes/piktoctl/cmd/sonar.go:584.20,586.6 1 0
github.com/jrmanes/piktoctl/cmd/sonar.go:597.19,599.6 1 0
github.com/jrmanes/piktoctl/cmd/sonar.go:603.10,607.5 3 0
github.com/jrmanes/piktoctl/cmd/sonar.go:608.9,610.4 1 0
github.com/jrmanes/piktoctl/cmd/sonar.go:616.55,619.16 2 0
github.com/jrmanes/piktoctl/cmd/sonar.go:623.2,626.17 3 0
github.com/jrmanes/piktoctl/cmd/sonar.go:629.2,631.19 2 0
github.com/jrmanes/piktoctl/cmd/sonar.go:619.16,622.3 2 0
github.com/jrmanes/piktoctl/cmd/sonar.go:626.17,628.3 1 0
github.com/jrmanes/piktoctl/cmd/sonar.go:639.57,642.16 2 1
github.com/jrmanes/piktoctl/cmd/sonar.go:645.2,649.17 3 1
github.com/jrmanes/piktoctl/cmd/sonar.go:653.2,653.17 1 1
github.com/jrmanes/piktoctl/cmd/sonar.go:642.16,644.3 1 0
github.com/jrmanes/piktoctl/cmd/sonar.go:649.17,651.3 1 0
github.com/jrmanes/piktoctl/cmd/sonar.go:657.37,660.2 2 1
github.com/jrmanes/piktoctl/cmd/sonar.go:663.24,664.32 1 0
github.com/jrmanes/piktoctl/cmd/sonar.go:672.2,672.11 1 0
github.com/jrmanes/piktoctl/cmd/sonar.go:665.16,666.18 1 0
github.com/jrmanes/piktoctl/cmd/sonar.go:667.15,668.17 1 0
github.com/jrmanes/piktoctl/cmd/sonar.go:669.10,670.17 1 0
